Added Pin To Net: NetName=+3.3V Pin=C5-1
Added Pin To Net: NetName=GND Pin=C5-2
Added Pin To Net: NetName=+3.3V Pin=C10-1
Added Pin To Net: NetName=GND Pin=C10-2
Added Pin To Net: NetName=NetM2_1 Pin=M2-1
Added Pin To Net: NetName=GND Pin=M2-2
Added Pin To Net: NetName=PIRUN Pin=M2-3
Added Pin To Net: NetName=NetR5_1 Pin=R5-1
Added Pin To Net: NetName=+12V Pin=R5-2
Added Pin To Net: NetName=AT_RST Pin=R16-1
Added Pin To Net: NetName=NetR16_2 Pin=R16-2
Added Pin To Net: NetName=AT_SCK Pin=R17-1
Added Pin To Net: NetName=NetR17_2 Pin=R17-2
Added Pin To Net: NetName=AT_SO Pin=R18-1
Added Pin To Net: NetName=NetR18_2 Pin=R18-2
Added Pin To Net: NetName=GND Pin=R19-1
Added Pin To Net: NetName=NetR5_1 Pin=R19-2
Added Pin To Net: NetName=AT_SI Pin=R20-1
Added Pin To Net: NetName=NetR20_2 Pin=R20-2
Added Pin To Net: NetName=AT_SO Pin=R21-1
Added Pin To Net: NetName=GND Pin=R21-2
Added Pin To Net: NetName=NetR16_2 Pin=U4-1
Added Pin To Net: NetName=NetR5_1 Pin=U4-2
Added Pin To Net: NetName=NetM2_1 Pin=U4-3
Added Pin To Net: NetName=GND Pin=U4-4
Added Pin To Net: NetName=NetR20_2 Pin=U4-5
Added Pin To Net: NetName=NetR18_2 Pin=U4-6
Added Pin To Net: NetName=NetR17_2 Pin=U4-7
Added Pin To Net: NetName=+5V Pin=U4-8
Added Pin To Net: NetName=GND Pin=U10-GND
Added Pin To Net: NetName=GND Pin=U10-GND
Added Pin To Net: NetName=SCK Pin=U10-SCK
Added Member To Class: ClassName=bmp280_i2c Member=Component C5 Generic Capacitor
Added Member To Class: ClassName=bmp280_i2c Member=Component C10 Generic Capacitor
Added Member To Class: ClassName=ATtiny Member=Component M2 N-CH Mosfet Switch
Added Member To Class: ClassName=ATtiny Member=Component R5 Resistor
Added Member To Class: ClassName=ATtiny Member=Component R16 Resistor
Added Member To Class: ClassName=ATtiny Member=Component R17 Resistor
Added Member To Class: ClassName=ATtiny Member=Component R18 Resistor
Added Member To Class: ClassName=ATtiny Member=Component R19 Resistor
Added Member To Class: ClassName=ATtiny Member=Component R20 Resistor
Added Member To Class: ClassName=ATtiny Member=Component R21 Resistor
Added Member To Class: ClassName=ATtiny Member=Component U4 ATtiny13A
Added Member To Class: ClassName=bmp280_i2c Member=Component U10 BMP280
