Added Component: Designator=SIM808(SIM808)
Added Pin To Net: NetName=GND Pin=SIM808-1
Added Pin To Net: NetName=GND Pin=SIM808-2
Added Pin To Net: NetName=GND Pin=SIM808-3
Added Pin To Net: NetName=+4V Pin=SIM808-4
Added Pin To Net: NetName=+4V Pin=SIM808-5
Added Pin To Net: NetName=+4V Pin=SIM808-6
Added Pin To Net: NetName=+2.8V Pin=SIM808-7
Added Pin To Net: NetName=NetM1_3 Pin=SIM808-8
Added Pin To Net: NetName=NetR11_1 Pin=SIM808-13
Added Pin To Net: NetName=NetR12_1 Pin=SIM808-14
Added Pin To Net: NetName=NetR13_1 Pin=SIM808-15
Added Pin To Net: NetName=808_RESET Pin=SIM808-16
Added Pin To Net: NetName=NetC22_1 Pin=SIM808-17
Added Pin To Net: NetName=GND Pin=SIM808-18
Added Pin To Net: NetName=GND Pin=SIM808-28
Added Pin To Net: NetName=+1.8V Pin=SIM808-29
Added Pin To Net: NetName=SIMDATA Pin=SIM808-30
Added Pin To Net: NetName=SIMCLK Pin=SIM808-31
Added Pin To Net: NetName=SIMRST Pin=SIM808-32
Added Pin To Net: NetName=GND Pin=SIM808-34
Added Pin To Net: NetName=GPS_RF Pin=SIM808-35
Added Pin To Net: NetName=GND Pin=SIM808-36
Added Pin To Net: NetName=GND Pin=SIM808-40
Added Pin To Net: NetName=NetR8_2 Pin=SIM808-49
Added Pin To Net: NetName=NetR9_2 Pin=SIM808-50
Added Pin To Net: NetName=GND Pin=SIM808-51
Added Pin To Net: NetName=GND Pin=SIM808-52
Added Pin To Net: NetName=GND Pin=SIM808-54
Added Pin To Net: NetName=GND Pin=SIM808-64
Added Pin To Net: NetName=GND Pin=SIM808-65
Added Pin To Net: NetName=GSM_RF Pin=SIM808-66
Added Pin To Net: NetName=GND Pin=SIM808-67
Added Pin To Net: NetName=GND Pin=SIM808-68
Added Member To Class: ClassName=SIM808 Member=Component SIM808
